<?xml version="1.0" encoding="UTF-8"?>
<testng-results skipped="0" failed="0" ignored="0" total="1" passed="1">
  <reporter-output>
  </reporter-output>
  <suite name="Default suite" duration-ms="3391" started-at="2022-11-19T19:27:45Z" finished-at="2022-11-19T19:27:48Z">
    <groups>
    </groups>
    <test name="Default test" duration-ms="3391" started-at="2022-11-19T19:27:45Z" finished-at="2022-11-19T19:27:48Z">
      <class name="testCases.ReadAllProductsValidate">
        <test-method status="PASS" signature="readallProducts()[pri:0, instance:testCases.ReadAllProductsValidate@2890c451]" name="readallProducts" duration-ms="3371" started-at="2022-11-19T19:27:45Z" finished-at="2022-11-19T19:27:48Z">
          <reporter-output>
          </reporter-output>
        </test-method> <!-- readallProducts -->
      </class> <!-- testCases.ReadAllProductsValidate -->
    </test> <!-- Default test -->
  </suite> <!-- Default suite -->
</testng-results>
